-------------------------------------------------------------------------------
Test set: pe.ucs.clase06.Clase06ApplicationTests
-------------------------------------------------------------------------------
Tests run: 1, Failures: 0, Errors: 1, Skipped: 0, Time elapsed: 0.183 s <<< FAILURE! - in pe.ucs.clase06.Clase06ApplicationTests
pe.ucs.clase06.Clase06ApplicationTests  Time elapsed: 0.183 s  <<< ERROR!
java.lang.IllegalStateException: Unable to find a @SpringBootConfiguration, you need to use @ContextConfiguration or @SpringBootTest(classes=...) with your test

