<?xml version="1.0" encoding="UTF-8"?>
<testsuite xmlns:xsi="http://www.w3.org/2001/XMLSchema-instance" xsi:noNamespaceSchemaLocation="https://maven.apache.org/surefire/maven-surefire-plugin/xsd/surefire-test-report.xsd" name="pe.ucs.clase06.Clase06ApplicationTests" time="0.183" tests="1" errors="1" skipped="0" failures="0">
  <properties>
[...]
</properties>
  <testcase name="pe.ucs.clase06.Clase06ApplicationTests" classname="pe.ucs.clase06.Clase06ApplicationTests" time="0.183">
    <error message="Unable to find a @SpringBootConfiguration, you need to use @ContextConfiguration or @SpringBootTest(classes=...) with your test" type="java.lang.IllegalStateException">java.lang.IllegalStateException: Unable to find a @SpringBootConfiguration, you need to use @ContextConfiguration or @SpringBootTest(classes=...) with your test
</error>
    <system-out><![CDATA[18:02:21.358 [main] DEBUG org.springframework.test.context.BootstrapUtils - Instantiating CacheAwareContextLoaderDelegate from class [org.springframework.test.context.cache.DefaultCacheAwareContextLoaderDelegate]
18:02:21.367 [main] DEBUG org.springframework.test.context.BootstrapUtils - Instantiating BootstrapContext using constructor [public org.springframework.test.context.support.DefaultBootstrapContext(java.lang.Class,org.springframework.test.context.CacheAwareContextLoaderDelegate)]
18:02:21.399 [main] DEBUG org.springframework.test.context.BootstrapUtils - Instantiating TestContextBootstrapper for test class [pe.ucs.clase06.Clase06ApplicationTests] from class [org.springframework.boot.test.context.SpringBootTestContextBootstrapper]
18:02:21.410 [main] INFO org.springframework.boot.test.context.SpringBootTestContextBootstrapper - Neither @ContextConfiguration nor @ContextHierarchy found for test class [pe.ucs.clase06.Clase06ApplicationTests], using SpringBootContextLoader
18:02:21.413 [main] DEBUG org.springframework.test.context.support.AbstractContextLoader - Did not detect default resource location for test class [pe.ucs.clase06.Clase06ApplicationTests]: class path resource [pe/ucs/clase06/Clase06ApplicationTests-context.xml] does not exist
18:02:21.413 [main] DEBUG org.springframework.test.context.support.AbstractContextLoader - Did not detect default resource location for test class [pe.ucs.clase06.Clase06ApplicationTests]: class path resource [pe/ucs/clase06/Clase06ApplicationTestsContext.groovy] does not exist
18:02:21.414 [main] INFO org.springframework.test.context.support.AbstractContextLoader - Could not detect default resource locations for test class [pe.ucs.clase06.Clase06ApplicationTests]: no resource found for suffixes {-context.xml, Context.groovy}.
18:02:21.415 [main] INFO org.springframework.test.context.support.AnnotationConfigContextLoaderUtils - Could not detect default configuration classes for test class [pe.ucs.clase06.Clase06ApplicationTests]: Clase06ApplicationTests does not declare any static, non-private, non-final, nested classes annotated with @Configuration.
18:02:21.453 [main] DEBUG org.springframework.test.context.support.ActiveProfilesUtils - Could not find an 'annotation declaring class' for annotation type [org.springframework.test.context.ActiveProfiles] and class [pe.ucs.clase06.Clase06ApplicationTests]
]]></system-out>
  </testcase>
</testsuite>